[2026-02-23 05:57:30] INFO - Bot başlatılıyor... [Scout Modu: Kapalı]
[2026-02-23 05:59:31] INFO - Randevu yok. Neden: Müsait randevu yok
[2026-02-23 06:03:22] INFO - Randevu yok. Neden: Müsait randevu yok
[2026-02-23 06:07:10] INFO - Randevu yok. Neden: Müsait randevu yok
[2026-02-23 06:10:15] INFO - Randevu yok. Neden: Müsait randevu yok
[2026-02-23 06:13:20] INFO - Randevu yok. Neden: Müsait randevu yok
[2026-02-23 06:16:24] INFO - Randevu yok. Neden: Müsait randevu yok
[2026-02-23 06:19:29] INFO - Randevu yok. Neden: Oturum sona erdi, yeniden giriş gerekiyor
[2026-02-23 06:20:40] INFO - Bot başlatılıyor... [Scout Modu: Kapalı]
[2026-02-23 06:22:04] INFO - Randevu yok. Neden: Müsait randevu yok
[2026-02-23 06:25:55] INFO - Randevu yok. Neden: Müsait randevu yok
[2026-02-23 06:29:51] INFO - Randevu yok. Neden: Müsait randevu yok
[2026-02-23 06:33:40] INFO - Randevu yok. Neden: Müsait randevu yok
[2026-02-23 06:36:11] INFO - Durdurma sinyali alındı. (Mevcut işlem bitince kapanacak)
[2026-02-23 06:36:14] INFO - Bot durduruldu.
[2026-02-23 11:10:17] INFO - Bot başlatılıyor... [Scout Modu: Kapalı]
[2026-02-23 11:11:38] INFO - Randevu yok. Neden: Müsait randevu yok
[2026-02-23 11:44:33] INFO - Bot başlatılıyor... [Scout Modu: Kapalı]
[2026-02-23 11:47:01] INFO - Randevu yok. Neden: Müsait randevu yok
[2026-02-23 12:52:21] INFO - Bot başlatılıyor... [Scout Modu: Kapalı]
[2026-02-23 12:54:04] INFO - Randevu yok. Neden: Müsait randevu yok
[2026-02-23 12:57:49] INFO - Randevu yok. Neden: Müsait randevu yok
[2026-02-23 13:01:35] INFO - Randevu yok. Neden: Müsait randevu yok
[2026-02-23 13:05:20] INFO - Randevu yok. Neden: Müsait randevu yok
[2026-02-23 13:09:07] INFO - Randevu yok. Neden: Müsait randevu yok
[2026-02-23 13:12:19] INFO - Randevu yok. Neden: Müsait randevu yok
[2026-02-23 13:15:23] INFO - Randevu yok. Neden: Oturum sona erdi, yeniden giriş gerekiyor
[2026-02-23 13:20:02] INFO - Randevu yok. Neden: Müsait randevu yok
[2026-02-23 13:23:51] INFO - Randevu yok. Neden: Müsait randevu yok
[2026-02-23 13:27:38] INFO - Randevu yok. Neden: Müsait randevu yok
[2026-02-23 13:31:25] INFO - Randevu yok. Neden: Müsait randevu yok
[2026-02-23 13:35:09] INFO - Randevu yok. Neden: Müsait randevu yok
[2026-02-23 13:38:53] INFO - Randevu yok. Neden: Müsait randevu yok
[2026-02-23 13:41:58] INFO - Randevu yok. Neden: Oturum sona erdi, yeniden giriş gerekiyor
[2026-02-23 13:46:28] INFO - Randevu yok. Neden: Müsait randevu yok
[2026-02-23 13:50:13] INFO - Randevu yok. Neden: Müsait randevu yok
[2026-02-23 13:53:58] INFO - Randevu yok. Neden: Müsait randevu yok
[2026-02-23 13:57:42] INFO - Randevu yok. Neden: Müsait randevu yok
[2026-02-23 14:01:26] INFO - Randevu yok. Neden: Müsait randevu yok
[2026-02-23 14:05:11] INFO - Randevu yok. Neden: Müsait randevu yok
[2026-02-23 14:08:16] INFO - Randevu yok. Neden: Oturum sona erdi, yeniden giriş gerekiyor
[2026-02-23 14:13:45] INFO - Randevu yok. Neden: Müsait randevu yok
[2026-02-23 14:16:56] INFO - Randevu yok. Neden: Müsait randevu yok
[2026-02-23 14:20:44] INFO - Randevu yok. Neden: Müsait randevu yok
[2026-02-23 14:24:27] INFO - Randevu yok. Neden: Müsait randevu yok
[2026-02-23 14:28:14] INFO - Randevu yok. Neden: Müsait randevu yok
[2026-02-23 14:31:26] INFO - Randevu yok. Neden: Müsait randevu yok
[2026-02-23 14:34:30] INFO - Randevu yok. Neden: Oturum sona erdi, yeniden giriş gerekiyor
[2026-02-23 14:38:39] INFO - Randevu yok. Neden: Müsait randevu yok
[2026-02-23 14:42:23] INFO - Randevu yok. Neden: Müsait randevu yok
[2026-02-23 14:46:07] INFO - Randevu yok. Neden: Müsait randevu yok
[2026-02-23 14:49:19] INFO - Randevu yok. Neden: Müsait randevu yok
[2026-02-23 14:53:03] INFO - Randevu yok. Neden: Müsait randevu yok
[2026-02-23 14:56:48] INFO - Randevu yok. Neden: Müsait randevu yok
[2026-02-23 14:59:53] INFO - Randevu yok. Neden: Oturum sona erdi, yeniden giriş gerekiyor
[2026-02-23 15:04:19] INFO - Randevu yok. Neden: Müsait randevu yok
[2026-02-23 15:08:04] INFO - Randevu yok. Neden: Müsait randevu yok
[2026-02-23 15:11:48] INFO - Randevu yok. Neden: Müsait randevu yok
[2026-02-23 15:15:32] INFO - Randevu yok. Neden: Müsait randevu yok
[2026-02-23 15:19:18] INFO - Randevu yok. Neden: Müsait randevu yok
[2026-02-23 15:23:03] INFO - Randevu yok. Neden: Müsait randevu yok
[2026-02-23 15:26:07] INFO - Randevu yok. Neden: Oturum sona erdi, yeniden giriş gerekiyor
[2026-02-23 15:30:38] INFO - Randevu yok. Neden: Müsait randevu yok
[2026-02-23 15:33:49] INFO - Randevu yok. Neden: Müsait randevu yok
[2026-02-23 15:37:37] INFO - Randevu yok. Neden: Müsait randevu yok
[2026-02-23 15:44:02] INFO - Randevu yok. Neden: Müsait randevu yok
[2026-02-23 15:48:04] INFO - Randevu yok. Neden: Müsait randevu yok
[2026-02-23 15:51:08] INFO - Randevu yok. Neden: Oturum sona erdi, yeniden giriş gerekiyor
[2026-02-23 15:56:37] INFO - Randevu yok. Neden: Müsait randevu yok
[2026-02-23 15:59:51] INFO - Randevu yok. Neden: Müsait randevu yok
[2026-02-23 16:03:38] INFO - Randevu yok. Neden: Müsait randevu yok
[2026-02-23 16:07:25] INFO - Randevu yok. Neden: Müsait randevu yok
[2026-02-23 16:11:16] INFO - Randevu yok. Neden: Müsait randevu yok
[2026-02-23 16:14:29] INFO - Randevu yok. Neden: Müsait randevu yok
[2026-02-23 16:17:36] INFO - Randevu yok. Neden: Oturum sona erdi, yeniden giriş gerekiyor
[2026-02-23 16:22:11] INFO - Randevu yok. Neden: Müsait randevu yok
[2026-02-23 16:25:58] INFO - Randevu yok. Neden: Müsait randevu yok
[2026-02-23 16:29:54] INFO - Randevu yok. Neden: Müsait randevu yok
[2026-02-23 16:33:49] INFO - Randevu yok. Neden: Müsait randevu yok
[2026-02-23 16:37:37] INFO - Randevu yok. Neden: Müsait randevu yok
[2026-02-23 16:41:30] INFO - Randevu yok. Neden: Müsait randevu yok
[2026-02-23 16:44:37] INFO - Randevu yok. Neden: Oturum sona erdi, yeniden giriş gerekiyor
[2026-02-23 16:49:56] INFO - Randevu yok. Neden: Müsait randevu yok
[2026-02-23 16:53:48] INFO - Randevu yok. Neden: Müsait randevu yok
[2026-02-23 16:57:38] INFO - Randevu yok. Neden: Müsait randevu yok
[2026-02-23 17:01:27] INFO - Randevu yok. Neden: Müsait randevu yok
[2026-02-23 17:05:14] INFO - Randevu yok. Neden: Müsait randevu yok
[2026-02-23 17:09:12] INFO - Randevu yok. Neden: Müsait randevu yok
[2026-02-23 17:12:11] INFO - Bot başlatılıyor... [Scout Modu: Kapalı]
[2026-02-23 17:14:16] INFO - Randevu yok. Neden: Müsait randevu yok
[2026-02-23 17:18:09] INFO - Randevu yok. Neden: Müsait randevu yok
[2026-02-23 17:21:59] INFO - Randevu yok. Neden: Müsait randevu yok
[2026-02-23 17:25:51] INFO - Randevu yok. Neden: Müsait randevu yok
[2026-02-23 17:29:42] INFO - Randevu yok. Neden: Müsait randevu yok
[2026-02-23 17:33:41] INFO - Randevu yok. Neden: Müsait randevu yok
[2026-02-23 17:36:44] INFO - Durdurma sinyali alındı. (Mevcut işlem bitince kapanacak)
[2026-02-23 17:36:48] INFO - Randevu yok. Neden: Oturum sona erdi, yeniden giriş gerekiyor
[2026-02-23 17:36:50] INFO - Bot durduruldu.
[2026-02-23 22:50:45] INFO - Bot başlatılıyor... [Scout Modu: Kapalı]
[2026-02-23 22:52:20] ERROR - Giriş başarısız. 60 sn sonra tekrar denenecek.
[2026-02-23 22:55:53] INFO - Randevu yok. Neden: Müsait randevu yok
[2026-02-23 23:23:07] INFO - Bot başlatılıyor... [Scout Modu: Kapalı]
[2026-02-23 23:23:07] INFO - Zzz... İşçi bot uyku modunda. İzcinin randevu bulmasını bekliyor.
[2026-02-23 23:24:03] INFO - Durdurma sinyali alındı. (Mevcut işlem bitince kapanacak)
[2026-02-23 23:24:03] INFO - Bot durduruldu.
[2026-02-23 23:25:17] INFO - Bot başlatılıyor... [Scout Modu: Kapalı]
[2026-02-23 23:25:17] WARNING - Hesap bekleme süresinde (Cooldown). 2026-02-24 10:52:16 tarihine kadar işlem yapılamaz.
[2026-02-23 23:25:17] INFO - Bot durduruldu.
[2026-02-23 23:33:32] INFO - Bot başlatılıyor... [Scout Modu: Kapalı]
[2026-02-23 23:33:32] WARNING - Hesap bekleme süresinde (Cooldown). 2026-02-24 10:52:16 tarihine kadar işlem yapılamaz.
[2026-02-23 23:33:32] INFO - Bot durduruldu.
[2026-02-23 23:34:36] INFO - Durdurma sinyali alındı. (Mevcut işlem bitince kapanacak)
[2026-02-23 23:36:29] INFO - Bot başlatılıyor... [Scout Modu: Kapalı]
[2026-02-23 23:38:51] ERROR - Giriş başarısız. 60 sn sonra tekrar denenecek.
[2026-02-23 23:41:19] INFO - Durdurma sinyali alındı. (Mevcut işlem bitince kapanacak)
[2026-02-24 15:31:20] INFO - Bot başlatılıyor... [Scout Modu: Kapalı]
[2026-02-24 15:33:18] INFO - Randevu yok. Neden: Müsait randevu yok
[2026-02-24 15:36:39] INFO - Randevu yok. Neden: Müsait randevu yok
[2026-02-24 15:36:49] INFO - Durdurma sinyali alındı. (Mevcut işlem bitince kapanacak)
[2026-02-24 15:36:52] INFO - Bot durduruldu.
[2026-02-24 16:09:45] INFO - Bot başlatılıyor... [Scout Modu: Kapalı]
[2026-02-24 16:13:24] INFO - Durdurma sinyali alındı. (Mevcut işlem bitince kapanacak)
[2026-02-24 16:13:45] ERROR - Giriş başarısız. 60 sn sonra tekrar denenecek.
[2026-02-24 16:13:47] INFO - Bot durduruldu.
[2026-02-24 16:14:15] INFO - Bot başlatılıyor... [Scout Modu: Aktif]
[2026-02-24 16:14:43] INFO - Durdurma sinyali alındı. (Mevcut işlem bitince kapanacak)
[2026-02-24 16:17:14] INFO - Bot başlatılıyor... [Scout Modu: Aktif]
[2026-02-24 16:21:39] INFO - Randevu yok. Neden: Müsait randevu yok
[2026-02-24 16:21:54] INFO - Durdurma sinyali alındı. (Mevcut işlem bitince kapanacak)
[2026-02-24 16:21:57] INFO - Bot durduruldu.
[2026-02-24 16:38:02] INFO - Bot başlatılıyor... [Scout Modu: Aktif]
[2026-02-24 16:38:58] INFO - Durdurma sinyali alındı. (Mevcut işlem bitince kapanacak)
[2026-02-24 16:48:07] INFO - Bot başlatılıyor... [Scout Modu: Kapalı]
[2026-02-24 16:48:07] ERROR - Bot döngüsü çöktü: name 'os' is not defined
[2026-02-24 16:48:07] INFO - Bot durduruldu.
[2026-02-24 16:48:11] INFO - Bot başlatılıyor... [Scout Modu: Kapalı]
[2026-02-24 16:48:11] ERROR - Bot döngüsü çöktü: name 'os' is not defined
[2026-02-24 16:48:11] INFO - Bot durduruldu.
[2026-02-24 17:27:31] INFO - Bot başlatılıyor... [Scout Modu: Aktif]
[2026-02-24 17:31:38] ERROR - Giriş başarısız. 60 sn sonra tekrar denenecek.
[2026-02-24 17:32:05] INFO - Durdurma sinyali alındı. (Mevcut işlem bitince kapanacak)
[2026-02-24 17:32:07] INFO - Bot durduruldu.
[2026-02-24 18:23:24] INFO - Bot başlatılıyor... [Scout Modu: Aktif]
[2026-02-24 18:25:44] ERROR - Giriş başarısız. 60 sn sonra tekrar denenecek.
[2026-02-24 18:25:46] INFO - Durdurma sinyali alındı. (Mevcut işlem bitince kapanacak)
[2026-02-24 18:25:49] INFO - Bot durduruldu.
[2026-02-24 18:25:50] INFO - Bot başlatılıyor... [Scout Modu: Aktif]
[2026-02-24 18:27:41] INFO - Randevu yok. Neden: Müsait randevu yok
[2026-02-24 18:28:26] INFO - Durdurma sinyali alındı. (Mevcut işlem bitince kapanacak)
[2026-02-24 18:28:29] INFO - Bot durduruldu.
[2026-02-24 18:45:06] INFO - Bot başlatılıyor... [Scout Modu: Aktif]
[2026-02-24 18:47:38] INFO - Randevu yok. Neden: Beklenmeyen hata: cannot import name 'BLSCaptchaSolver' from 'bot.captcha_solver' (c:\Users\Fatih\comp-bot\bot\captcha
[2026-02-24 18:51:41] INFO - Randevu yok. Neden: Beklenmeyen hata: cannot import name 'BLSCaptchaSolver' from 'bot.captcha_solver' (c:\Users\Fatih\comp-bot\bot\captcha
[2026-02-24 18:55:31] INFO - Randevu yok. Neden: Beklenmeyen hata: cannot import name 'BLSCaptchaSolver' from 'bot.captcha_solver' (c:\Users\Fatih\comp-bot\bot\captcha
[2026-02-24 18:58:33] INFO - Randevu yok. Neden: Müsait randevu yok
[2026-02-24 19:04:03] INFO - Randevu yok. Neden: Müsait randevu yok
[2026-02-24 19:07:16] INFO - Randevu yok. Neden: Oturum sona erdi, yeniden giriş gerekiyor
[2026-02-24 19:17:46] INFO - Randevu yok. Neden: Sayfa yüklenemedi (timeout)
[2026-02-24 19:21:29] INFO - Randevu yok. Neden: Beklenmeyen hata: cannot import name 'BLSCaptchaSolver' from 'bot.captcha_solver' (c:\Users\Fatih\comp-bot\bot\captcha
[2026-02-24 19:29:45] INFO - Randevu yok. Neden: Müsait randevu yok
[2026-02-24 19:37:59] INFO - Randevu yok. Neden: Sayfa yüklenemedi (timeout)
[2026-02-24 19:41:00] INFO - Randevu yok. Neden: Oturum sona erdi, yeniden giriş gerekiyor
[2026-02-24 19:45:31] INFO - Randevu yok. Neden: Beklenmeyen hata: cannot import name 'BLSCaptchaSolver' from 'bot.captcha_solver' (c:\Users\Fatih\comp-bot\bot\captcha
[2026-02-24 19:48:15] INFO - Durdurma sinyali alındı. (Mevcut işlem bitince kapanacak)
[2026-02-24 19:48:18] INFO - Bot durduruldu.
