[2026-02-22 17:09:09] INFO - Bot başlatılıyor...
[2026-02-22 17:11:06] INFO - Durdurma sinyali alındı. (Mevcut işlem bitince kapanacak)
[2026-02-22 17:11:58] INFO - Bot başlatılıyor...
[2026-02-22 17:13:05] INFO - Durdurma sinyali alındı. (Mevcut işlem bitince kapanacak)
[2026-02-22 17:14:41] INFO - Randevu yok. Neden: Müsait randevu yok
[2026-02-22 17:14:41] INFO - Bot durduruldu.
[2026-02-22 20:42:36] INFO - Bot başlatılıyor...
[2026-02-22 20:44:50] INFO - Durdurma sinyali alındı. (Mevcut işlem bitince kapanacak)
[2026-02-22 20:44:55] INFO - Randevu yok. Neden: Müsait randevu yok
[2026-02-22 20:44:56] INFO - Bot durduruldu.
[2026-02-22 20:45:04] INFO - Bot başlatılıyor...
[2026-02-22 20:47:24] INFO - Randevu yok. Neden: Müsait randevu yok
[2026-02-22 20:48:33] INFO - Bot başlatılıyor...
[2026-02-22 20:50:37] INFO - Randevu yok. Neden: Müsait randevu yok
[2026-02-22 20:53:17] INFO - Randevu yok. Neden: Müsait randevu yok
[2026-02-22 21:06:18] INFO - Bot başlatılıyor...
[2026-02-22 21:08:47] INFO - Randevu yok. Neden: Müsait randevu yok
[2026-02-22 21:13:02] INFO - Randevu yok. Neden: Müsait randevu yok
[2026-02-22 21:17:18] INFO - Randevu yok. Neden: Müsait randevu yok
[2026-02-22 21:21:37] INFO - Randevu yok. Neden: Müsait randevu yok
[2026-02-22 21:26:05] INFO - Randevu yok. Neden: Müsait randevu yok
[2026-02-22 21:29:08] INFO - Randevu yok. Neden: Oturum sona erdi, yeniden giriş gerekiyor
[2026-02-22 21:34:09] INFO - Randevu yok. Neden: Müsait randevu yok
[2026-02-22 21:38:27] INFO - Randevu yok. Neden: Müsait randevu yok
[2026-02-22 21:42:47] INFO - Randevu yok. Neden: Müsait randevu yok
[2026-02-22 21:47:15] INFO - Randevu yok. Neden: Müsait randevu yok
[2026-02-22 21:52:49] INFO - Randevu yok. Neden: Müsait randevu yok
[2026-02-22 21:55:52] INFO - Randevu yok. Neden: Oturum sona erdi, yeniden giriş gerekiyor
[2026-02-22 22:00:48] INFO - Randevu yok. Neden: Müsait randevu yok
[2026-02-22 22:05:02] INFO - Randevu yok. Neden: Müsait randevu yok
[2026-02-22 22:09:21] INFO - Randevu yok. Neden: Müsait randevu yok
[2026-02-22 22:13:40] INFO - Randevu yok. Neden: Müsait randevu yok
[2026-02-22 22:17:58] INFO - Randevu yok. Neden: Müsait randevu yok
[2026-02-22 22:21:01] INFO - Randevu yok. Neden: Oturum sona erdi, yeniden giriş gerekiyor
[2026-02-22 22:25:58] INFO - Randevu yok. Neden: Müsait randevu yok
[2026-02-22 22:30:34] INFO - Randevu yok. Neden: Müsait randevu yok
[2026-02-22 22:34:50] INFO - Randevu yok. Neden: Müsait randevu yok
[2026-02-22 22:39:40] INFO - Randevu yok. Neden: Müsait randevu yok
[2026-02-22 22:44:00] INFO - Randevu yok. Neden: Müsait randevu yok
[2026-02-22 22:47:04] INFO - Randevu yok. Neden: Oturum sona erdi, yeniden giriş gerekiyor
[2026-02-22 22:52:22] INFO - Randevu yok. Neden: Müsait randevu yok
[2026-02-22 22:57:21] INFO - Randevu yok. Neden: Müsait randevu yok
[2026-02-22 23:01:47] INFO - Randevu yok. Neden: Müsait randevu yok
[2026-02-22 23:07:00] INFO - Randevu yok. Neden: Müsait randevu yok
[2026-02-22 23:11:24] INFO - Randevu yok. Neden: Müsait randevu yok
[2026-02-22 23:14:27] INFO - Randevu yok. Neden: Oturum sona erdi, yeniden giriş gerekiyor
[2026-02-22 23:19:52] INFO - Randevu yok. Neden: Müsait randevu yok
[2026-02-22 23:24:19] INFO - Randevu yok. Neden: Müsait randevu yok
[2026-02-22 23:29:24] INFO - Randevu yok. Neden: Müsait randevu yok
[2026-02-22 23:34:42] INFO - Randevu yok. Neden: Müsait randevu yok
[2026-02-22 23:38:35] INFO - Randevu yok. Neden: Oturum sona erdi, yeniden giriş gerekiyor
[2026-02-22 23:43:54] INFO - Randevu yok. Neden: Müsait randevu yok
[2026-02-22 23:48:23] INFO - Randevu yok. Neden: Müsait randevu yok
[2026-02-22 23:52:35] INFO - Randevu yok. Neden: Müsait randevu yok
[2026-02-22 23:57:02] INFO - Randevu yok. Neden: Müsait randevu yok
[2026-02-23 00:01:20] INFO - Randevu yok. Neden: Müsait randevu yok
[2026-02-23 00:04:23] INFO - Randevu yok. Neden: Oturum sona erdi, yeniden giriş gerekiyor
[2026-02-23 00:09:27] INFO - Randevu yok. Neden: Müsait randevu yok
[2026-02-23 00:14:08] INFO - Randevu yok. Neden: Müsait randevu yok
[2026-02-23 00:18:28] INFO - Randevu yok. Neden: Müsait randevu yok
[2026-02-23 00:22:41] INFO - Randevu yok. Neden: Müsait randevu yok
[2026-02-23 00:27:21] INFO - Randevu yok. Neden: Müsait randevu yok
[2026-02-23 00:30:24] INFO - Randevu yok. Neden: Oturum sona erdi, yeniden giriş gerekiyor
[2026-02-23 00:35:45] INFO - Randevu yok. Neden: Müsait randevu yok
[2026-02-23 00:40:03] INFO - Randevu yok. Neden: Müsait randevu yok
[2026-02-23 00:45:02] INFO - Randevu yok. Neden: Müsait randevu yok
[2026-02-23 00:49:29] INFO - Randevu yok. Neden: Müsait randevu yok
[2026-02-23 00:53:47] INFO - Randevu yok. Neden: Müsait randevu yok
[2026-02-23 00:56:50] INFO - Randevu yok. Neden: Oturum sona erdi, yeniden giriş gerekiyor
[2026-02-23 01:02:08] INFO - Randevu yok. Neden: Müsait randevu yok
[2026-02-23 01:06:21] INFO - Randevu yok. Neden: Müsait randevu yok
[2026-02-23 01:10:30] INFO - Randevu yok. Neden: Müsait randevu yok
[2026-02-23 01:14:48] INFO - Randevu yok. Neden: Müsait randevu yok
[2026-02-23 01:19:07] INFO - Randevu yok. Neden: Müsait randevu yok
[2026-02-23 01:22:10] INFO - Randevu yok. Neden: Oturum sona erdi, yeniden giriş gerekiyor
[2026-02-23 01:27:13] INFO - Randevu yok. Neden: Müsait randevu yok
[2026-02-23 01:31:28] INFO - Randevu yok. Neden: Müsait randevu yok
[2026-02-23 01:35:53] INFO - Randevu yok. Neden: Müsait randevu yok
[2026-02-23 01:40:04] INFO - Randevu yok. Neden: Müsait randevu yok
[2026-02-23 01:44:23] INFO - Randevu yok. Neden: Müsait randevu yok
[2026-02-23 01:47:27] INFO - Randevu yok. Neden: Oturum sona erdi, yeniden giriş gerekiyor
[2026-02-23 01:52:47] INFO - Randevu yok. Neden: Müsait randevu yok
[2026-02-23 01:57:11] INFO - Randevu yok. Neden: Müsait randevu yok
[2026-02-23 02:01:24] INFO - Randevu yok. Neden: Müsait randevu yok
[2026-02-23 02:07:21] INFO - Randevu yok. Neden: Müsait randevu yok
[2026-02-23 02:11:48] INFO - Randevu yok. Neden: Müsait randevu yok
[2026-02-23 02:14:51] INFO - Randevu yok. Neden: Oturum sona erdi, yeniden giriş gerekiyor
[2026-02-23 02:20:21] INFO - Randevu yok. Neden: Müsait randevu yok
[2026-02-23 02:24:44] INFO - Randevu yok. Neden: Müsait randevu yok
[2026-02-23 02:28:59] INFO - Randevu yok. Neden: Müsait randevu yok
[2026-02-23 02:33:10] INFO - Randevu yok. Neden: Müsait randevu yok
[2026-02-23 02:36:13] INFO - Randevu yok. Neden: Oturum sona erdi, yeniden giriş gerekiyor
[2026-02-23 02:39:42] INFO - Durdurma sinyali alındı. (Mevcut işlem bitince kapanacak)
[2026-02-23 04:53:05] INFO - Bot başlatılıyor... [Scout Modu: Kapalı]
[2026-02-23 04:53:18] INFO - Durdurma sinyali alındı. (Mevcut işlem bitince kapanacak)
[2026-02-23 04:54:23] INFO - Bot başlatılıyor... [Scout Modu: Kapalı]
[2026-02-23 04:57:45] INFO - Bot başlatılıyor... [Scout Modu: Kapalı]
[2026-02-23 05:07:36] INFO - Bot başlatılıyor... [Scout Modu: Kapalı]
[2026-02-23 05:07:51] INFO - Durdurma sinyali alındı. (Mevcut işlem bitince kapanacak)
[2026-02-23 05:25:18] INFO - Bot başlatılıyor... [Scout Modu: Kapalı]
[2026-02-23 05:27:28] INFO - Randevu yok. Neden: Müsait randevu yok
[2026-02-23 05:30:33] INFO - Randevu yok. Neden: Müsait randevu yok
[2026-02-23 05:33:35] INFO - Bot başlatılıyor... [Scout Modu: Kapalı]
[2026-02-23 05:35:16] INFO - Randevu yok. Neden: Müsait randevu yok
[2026-02-23 05:39:06] INFO - Randevu yok. Neden: Müsait randevu yok
[2026-02-23 05:42:10] INFO - Randevu yok. Neden: Müsait randevu yok
[2026-02-23 05:45:15] INFO - Randevu yok. Neden: Müsait randevu yok
[2026-02-23 05:48:25] INFO - Durdurma sinyali alındı. (Mevcut işlem bitince kapanacak)
[2026-02-23 05:49:08] INFO - Randevu yok. Neden: Müsait randevu yok
[2026-02-23 05:49:10] INFO - Bot durduruldu.
