[2026-02-22 17:00:30] INFO - Bot başlatılıyor...
[2026-02-22 17:00:31] INFO - Durdurma sinyali alındı. (Mevcut işlem bitince kapanacak)
[2026-02-22 17:00:37] INFO - Bot durduruldu.
[2026-02-22 17:03:09] INFO - Bot başlatılıyor...
[2026-02-22 17:03:15] ERROR - Chrome başlatılamadı.
[2026-02-22 17:03:16] INFO - Bot durduruldu.
[2026-02-22 17:03:22] INFO - Bot başlatılıyor...
[2026-02-22 17:06:04] INFO - Randevu yok. Neden: Müsait randevu yok
[2026-02-22 17:08:15] INFO - Randevu yok. Neden: Müsait randevu yok
[2026-02-22 17:10:36] INFO - Randevu yok. Neden: Müsait randevu yok
[2026-02-22 17:11:06] INFO - Durdurma sinyali alındı. (Mevcut işlem bitince kapanacak)
[2026-02-22 17:11:07] INFO - Bot durduruldu.
[2026-02-22 17:11:48] INFO - Bot başlatılıyor...
[2026-02-22 17:13:05] INFO - Durdurma sinyali alındı. (Mevcut işlem bitince kapanacak)
[2026-02-22 17:14:30] INFO - Randevu yok. Neden: Müsait randevu yok
[2026-02-22 17:14:31] INFO - Bot durduruldu.
[2026-02-23 04:52:55] INFO - Bot başlatılıyor... [Scout Modu: Kapalı]
[2026-02-23 04:53:18] INFO - Durdurma sinyali alındı. (Mevcut işlem bitince kapanacak)
[2026-02-23 04:53:22] INFO - Bot başlatılıyor... [Scout Modu: Kapalı]
[2026-02-23 04:53:28] ERROR - Chrome başlatılamadı.
[2026-02-23 04:53:28] INFO - Bot durduruldu.
[2026-02-23 04:54:13] INFO - Bot başlatılıyor... [Scout Modu: Kapalı]
[2026-02-23 05:46:51] INFO - Bot başlatılıyor... [Scout Modu: Kapalı]
[2026-02-23 05:46:58] ERROR - Chrome başlatılamadı.
[2026-02-23 05:46:59] INFO - Bot durduruldu.
[2026-02-23 05:48:25] INFO - Durdurma sinyali alındı. (Mevcut işlem bitince kapanacak)
[2026-02-23 06:20:30] INFO - Bot başlatılıyor... [Scout Modu: Kapalı]
[2026-02-23 06:22:20] INFO - Randevu yok. Neden: Müsait randevu yok
[2026-02-23 06:25:25] INFO - Randevu yok. Neden: Müsait randevu yok
[2026-02-23 06:29:18] INFO - Randevu yok. Neden: Müsait randevu yok
[2026-02-23 06:33:10] INFO - Randevu yok. Neden: Müsait randevu yok
[2026-02-23 06:36:11] INFO - Durdurma sinyali alındı. (Mevcut işlem bitince kapanacak)
[2026-02-23 06:36:14] INFO - Randevu yok. Neden: Müsait randevu yok
[2026-02-23 06:36:15] INFO - Bot durduruldu.
[2026-02-23 11:16:29] INFO - Bot başlatılıyor... [Scout Modu: Kapalı]
[2026-02-23 11:17:05] INFO - Durdurma sinyali alındı. (Mevcut işlem bitince kapanacak)
[2026-02-23 17:11:30] INFO - Bot başlatılıyor... [Scout Modu: Kapalı]
[2026-02-23 17:12:01] INFO - Bot başlatılıyor... [Scout Modu: Kapalı]
[2026-02-23 17:14:01] INFO - Randevu yok. Neden: Müsait randevu yok
[2026-02-23 17:17:57] INFO - Randevu yok. Neden: Müsait randevu yok
[2026-02-23 17:21:47] INFO - Randevu yok. Neden: Müsait randevu yok
[2026-02-23 17:25:37] INFO - Randevu yok. Neden: Müsait randevu yok
[2026-02-23 17:29:27] INFO - Randevu yok. Neden: Müsait randevu yok
[2026-02-23 17:33:22] INFO - Randevu yok. Neden: Müsait randevu yok
[2026-02-23 17:36:26] INFO - Randevu yok. Neden: Oturum sona erdi, yeniden giriş gerekiyor
[2026-02-23 17:36:44] INFO - Durdurma sinyali alındı. (Mevcut işlem bitince kapanacak)
[2026-02-23 17:36:46] INFO - Bot durduruldu.
[2026-02-23 23:23:29] INFO - Bot başlatılıyor... [Scout Modu: Kapalı]
[2026-02-23 23:23:36] ERROR - Chrome başlatılamadı.
[2026-02-23 23:23:36] INFO - Bot durduruldu.
[2026-02-23 23:23:47] INFO - Bot başlatılıyor... [Scout Modu: Kapalı]
[2026-02-23 23:23:53] ERROR - Chrome başlatılamadı.
[2026-02-23 23:23:53] INFO - Bot durduruldu.
[2026-02-23 23:24:03] INFO - Durdurma sinyali alındı. (Mevcut işlem bitince kapanacak)
[2026-02-23 23:25:07] INFO - Bot başlatılıyor... [Scout Modu: Kapalı]
[2026-02-23 23:25:13] ERROR - Chrome başlatılamadı.
[2026-02-23 23:25:13] INFO - Bot durduruldu.
[2026-02-23 23:33:22] INFO - Bot başlatılıyor... [Scout Modu: Kapalı]
[2026-02-23 23:34:36] INFO - Durdurma sinyali alındı. (Mevcut işlem bitince kapanacak)
[2026-02-24 15:31:30] INFO - Bot başlatılıyor... [Scout Modu: Kapalı]
[2026-02-24 15:31:38] ERROR - Chrome başlatılamadı.
[2026-02-24 15:31:38] INFO - Bot durduruldu.
[2026-02-24 15:36:49] INFO - Durdurma sinyali alındı. (Mevcut işlem bitince kapanacak)
[2026-02-24 16:09:35] INFO - Bot başlatılıyor... [Scout Modu: Kapalı]
[2026-02-24 16:13:24] INFO - Durdurma sinyali alındı. (Mevcut işlem bitince kapanacak)
[2026-02-24 16:14:01] INFO - Randevu yok. Neden: Müsait randevu yok
[2026-02-24 16:14:01] INFO - Bot durduruldu.
[2026-02-24 16:14:25] INFO - Bot başlatılıyor... [Scout Modu: Kapalı]
[2026-02-24 16:14:25] INFO - Zzz... İşçi bot uyku modunda. İzcinin randevu bulmasını bekliyor.
[2026-02-24 16:14:43] INFO - Durdurma sinyali alındı. (Mevcut işlem bitince kapanacak)
[2026-02-24 16:14:44] INFO - Bot durduruldu.
[2026-02-24 16:17:13] INFO - Bot başlatılıyor... [Scout Modu: Kapalı]
[2026-02-24 16:17:13] INFO - Zzz... İşçi bot uyku modunda. İzcinin randevu bulmasını bekliyor.
[2026-02-24 16:21:54] INFO - Durdurma sinyali alındı. (Mevcut işlem bitince kapanacak)
[2026-02-24 16:21:55] INFO - Bot durduruldu.
[2026-02-24 16:38:01] INFO - Bot başlatılıyor... [Scout Modu: Kapalı]
[2026-02-24 16:38:01] INFO - Zzz... İşçi bot uyku modunda. İzcinin randevu bulmasını bekliyor.
[2026-02-24 16:38:58] INFO - Durdurma sinyali alındı. (Mevcut işlem bitince kapanacak)
[2026-02-24 16:38:59] INFO - Bot durduruldu.
[2026-02-24 16:48:21] INFO - Bot başlatılıyor... [Scout Modu: Kapalı]
[2026-02-24 16:48:21] ERROR - Bot döngüsü çöktü: name 'os' is not defined
[2026-02-24 16:48:21] INFO - Bot durduruldu.
[2026-02-24 17:27:41] INFO - Bot başlatılıyor... [Scout Modu: Kapalı]
[2026-02-24 17:27:41] INFO - Zzz... İşçi bot uyku modunda. İzcinin randevu bulmasını bekliyor.
[2026-02-24 17:32:05] INFO - Durdurma sinyali alındı. (Mevcut işlem bitince kapanacak)
[2026-02-24 17:32:06] INFO - Bot durduruldu.
[2026-02-24 18:23:23] INFO - Bot başlatılıyor... [Scout Modu: Kapalı]
[2026-02-24 18:23:23] INFO - Zzz... İşçi bot uyku modunda. İzcinin randevu bulmasını bekliyor.
[2026-02-24 18:25:46] INFO - Durdurma sinyali alındı. (Mevcut işlem bitince kapanacak)
[2026-02-24 18:25:48] INFO - Bot durduruldu.
[2026-02-24 18:25:49] INFO - Bot başlatılıyor... [Scout Modu: Kapalı]
[2026-02-24 18:25:49] INFO - Zzz... İşçi bot uyku modunda. İzcinin randevu bulmasını bekliyor.
[2026-02-24 18:28:26] INFO - Durdurma sinyali alındı. (Mevcut işlem bitince kapanacak)
[2026-02-24 18:28:28] INFO - Bot durduruldu.
[2026-02-24 18:45:05] INFO - Bot başlatılıyor... [Scout Modu: Kapalı]
[2026-02-24 18:45:05] INFO - Zzz... İşçi bot uyku modunda. İzcinin randevu bulmasını bekliyor.
[2026-02-24 19:48:15] INFO - Durdurma sinyali alındı. (Mevcut işlem bitince kapanacak)
[2026-02-24 19:48:16] INFO - Bot durduruldu.
